#
# There is insufficient memory for the Java Runtime Environment to continue.
# Native memory allocation (malloc) failed to allocate 1048576 bytes. Error detail: AllocateHeap
# Possible reasons:
#   The system is out of physical RAM or swap space
#   This process is running with CompressedOops enabled, and the Java Heap may be blocking the growth of the native heap
# Possible solutions:
#   Reduce memory load on the system
#   Increase physical memory or swap space
#   Check if swap backing store is full
#   Decrease Java heap size (-Xmx/-Xms)
#   Decrease number of Java threads
#   Decrease Java thread stack sizes (-Xss)
#   Set larger code cache with -XX:ReservedCodeCacheSize=
#   JVM is running with Unscaled Compressed Oops mode in which the Java heap is
#     placed in the first 4GB address space. The Java Heap base address is the
#     maximum limit for the native heap growth. Please use -XX:HeapBaseMinAddress
#     to set the Java Heap base and to place the Java Heap above 4GB virtual address.
# This output file may be truncated or incomplete.
#
#  Out of Memory Error (allocation.cpp:44), pid=15580, tid=5868
#
# JRE version: OpenJDK Runtime Environment Temurin-21.0.9+10 (21.0.9+10) (build 21.0.9+10-LTS)
# Java VM: OpenJDK 64-Bit Server VM Temurin-21.0.9+10 (21.0.9+10-LTS, mixed mode, sharing, tiered, compressed oops, compressed class ptrs, parallel gc, windows-amd64)
# No core dump will be written. Minidumps are not enabled by default on client versions of Windows
#

---------------  S U M M A R Y ------------

Command Line: --add-modules=ALL-SYSTEM --add-opens=java.base/java.util=ALL-UNNAMED --add-opens=java.base/java.lang=ALL-UNNAMED --add-opens=java.base/sun.nio.fs=ALL-UNNAMED -Declipse.application=org.eclipse.jdt.ls.core.id1 -Dosgi.bundles.defaultStartLevel=4 -Declipse.product=org.eclipse.jdt.ls.core.product -Djava.import.generatesMetadataFilesAtProjectRoot=false -DDetectVMInstallationsJob.disabled=true -Dfile.encoding=utf8 -XX:+UseParallelGC -XX:GCTimeRatio=4 -XX:AdaptiveSizePolicyWeight=90 -Dsun.zip.disableMemoryMapping=true -Xmx2G -Xms100m -Xlog:disable -javaagent:c:\Users\Usuario\.vscode\extensions\redhat.java-1.50.0-win32-x64\lombok\lombok-1.18.39-4050.jar -XX:+HeapDumpOnOutOfMemoryError -XX:HeapDumpPath=c:\Users\Usuario\AppData\Roaming\Code\User\workspaceStorage\0dee7a614940a8c73090cffd4aacb42c\redhat.java -Daether.dependencyCollector.impl=bf c:\Users\Usuario\.vscode\extensions\redhat.java-1.50.0-win32-x64\server\plugins\org.eclipse.equinox.launcher_1.7.100.v20251111-0406.jar -configuration c:\Users\Usuario\AppData\Roaming\Code\User\globalStorage\redhat.java\1.50.0\config_win -data c:\Users\Usuario\AppData\Roaming\Code\User\workspaceStorage\0dee7a614940a8c73090cffd4aacb42c\redhat.java\jdt_ws --pipe=\\.\pipe\lsp-55ac51b1fc734d2625f2c686c77c7239-sock

Host: Intel(R) Core(TM) i3-7020U CPU @ 2.30GHz, 4 cores, 3G,  Windows 10 , 64 bit Build 19041 (10.0.19041.5915)
Time: Sat Nov 29 15:17:52 2025 Hora oficial do Brasil elapsed time: 7891.260875 seconds (0d 2h 11m 31s)

---------------  T H R E A D  ---------------

Current thread (0x00000217dd18d240):  JavaThread "Attach Listener" daemon [_thread_in_vm, id=5868, stack(0x0000006a44c00000,0x0000006a44d00000) (1024K)]

Stack: [0x0000006a44c00000,0x0000006a44d00000]
Native frames: (J=compiled Java code, j=interpreted, Vv=VM code, C=native code)
V  [jvm.dll+0x6d6e29]
V  [jvm.dll+0x8b4b76]
V  [jvm.dll+0x8b712e]
V  [jvm.dll+0x8b7813]
V  [jvm.dll+0x283d86]
V  [jvm.dll+0xc1277]
V  [jvm.dll+0x6d76d9]
V  [jvm.dll+0x133466]
V  [jvm.dll+0x3f7ea6]
V  [jvm.dll+0x85e9ad]
V  [jvm.dll+0x6d565d]
C  [ucrtbase.dll+0x21bb2]
C  [KERNEL32.DLL+0x17374]
C  [ntdll.dll+0x4cc91]


---------------  P R O C E S S  ---------------

Threads class SMR info:
_java_thread_list=0x00000217fd7dcc40, length=38, elements={
0x00000217dd29eb90, 0x00000217dd1876e0, 0x00000217dd188d20, 0x00000217dd18c5f0,
0x00000217dd18d240, 0x00000217dd18de90, 0x00000217dd18eae0, 0x00000217dd191920,
0x00000217dd206990, 0x00000217f49732d0, 0x00000217f4a90420, 0x00000217f95782c0,
0x00000217f94ca600, 0x00000217f94fa270, 0x00000217f94faca0, 0x00000217f9404c40,
0x00000217f9695e80, 0x00000217f499d190, 0x00000217dd232e70, 0x00000217fa46d810,
0x00000217fa46caf0, 0x00000217fa46b0b0, 0x00000217f4a55a50, 0x00000217f4a56e00,
0x00000217f4a5afa0, 0x00000217f4a5a910, 0x00000217f4a57490, 0x00000217f4a54d30,
0x00000217f4a59bf0, 0x00000217f4a581b0, 0x00000217fa30c610, 0x00000217fa309820,
0x00000217fa30abd0, 0x00000217fb60cfa0, 0x00000217fb60bbf0, 0x00000217fa309eb0,
0x00000217fa30a540, 0x00000217f4a59560
}

Java Threads: ( => current thread )
  0x00000217dd29eb90 JavaThread "main"                              [_thread_blocked, id=15780, stack(0x0000006a44500000,0x0000006a44600000) (1024K)]
  0x00000217dd1876e0 JavaThread "Reference Handler"          daemon [_thread_blocked, id=8752, stack(0x0000006a44900000,0x0000006a44a00000) (1024K)]
  0x00000217dd188d20 JavaThread "Finalizer"                  daemon [_thread_blocked, id=16016, stack(0x0000006a44a00000,0x0000006a44b00000) (1024K)]
  0x00000217dd18c5f0 JavaThread "Signal Dispatcher"          daemon [_thread_blocked, id=14552, stack(0x0000006a44b00000,0x0000006a44c00000) (1024K)]
=>0x00000217dd18d240 JavaThread "Attach Listener"            daemon [_thread_in_vm, id=5868, stack(0x0000006a44c00000,0x0000006a44d00000) (1024K)]
  0x00000217dd18de90 JavaThread "Service Thread"             daemon [_thread_blocked, id=6672, stack(0x0000006a44d00000,0x0000006a44e00000) (1024K)]
  0x00000217dd18eae0 JavaThread "Monitor Deflation Thread"   daemon [_thread_blocked, id=16364, stack(0x0000006a44e00000,0x0000006a44f00000) (1024K)]
  0x00000217dd191920 JavaThread "C2 CompilerThread0"         daemon [_thread_blocked, id=4312, stack(0x0000006a44f00000,0x0000006a45000000) (1024K)]
  0x00000217dd206990 JavaThread "C1 CompilerThread0"         daemon [_thread_blocked, id=1644, stack(0x0000006a45000000,0x0000006a45100000) (1024K)]
  0x00000217f49732d0 JavaThread "Common-Cleaner"             daemon [_thread_blocked, id=8932, stack(0x0000006a45100000,0x0000006a45200000) (1024K)]
  0x00000217f4a90420 JavaThread "Notification Thread"        daemon [_thread_blocked, id=12908, stack(0x0000006a45200000,0x0000006a45300000) (1024K)]
  0x00000217f95782c0 JavaThread "Active Thread: Equinox Container: c17bb820-2745-42c4-b749-ae889582df4c"        [_thread_blocked, id=11116, stack(0x0000006a45600000,0x0000006a45700000) (1024K)]
  0x00000217f94ca600 JavaThread "Refresh Thread: Equinox Container: c17bb820-2745-42c4-b749-ae889582df4c" daemon [_thread_blocked, id=7216, stack(0x0000006a45700000,0x0000006a45800000) (1024K)]
  0x00000217f94fa270 JavaThread "Framework Event Dispatcher: Equinox Container: c17bb820-2745-42c4-b749-ae889582df4c" daemon [_thread_blocked, id=8688, stack(0x0000006a45800000,0x0000006a45900000) (1024K)]
  0x00000217f94faca0 JavaThread "Start Level: Equinox Container: c17bb820-2745-42c4-b749-ae889582df4c" daemon [_thread_blocked, id=10596, stack(0x0000006a45900000,0x0000006a45a00000) (1024K)]
  0x00000217f9404c40 JavaThread "Bundle File Closer"         daemon [_thread_blocked, id=11680, stack(0x0000006a45a00000,0x0000006a45b00000) (1024K)]
  0x00000217f9695e80 JavaThread "SCR Component Actor"        daemon [_thread_blocked, id=11480, stack(0x0000006a45b00000,0x0000006a45c00000) (1024K)]
  0x00000217f499d190 JavaThread "Worker-JM"                         [_thread_blocked, id=16316, stack(0x0000006a45c00000,0x0000006a45d00000) (1024K)]
  0x00000217dd232e70 JavaThread "JNA Cleaner"                daemon [_thread_blocked, id=10380, stack(0x0000006a45d00000,0x0000006a45e00000) (1024K)]
  0x00000217fa46d810 JavaThread "Java indexing"              daemon [_thread_blocked, id=3636, stack(0x0000006a46200000,0x0000006a46300000) (1024K)]
  0x00000217fa46caf0 JavaThread "Thread-1"                   daemon [_thread_in_native, id=8436, stack(0x0000006a46700000,0x0000006a46800000) (1024K)]
  0x00000217fa46b0b0 JavaThread "Thread-2"                   daemon [_thread_in_native, id=1920, stack(0x0000006a46800000,0x0000006a46900000) (1024K)]
  0x00000217f4a55a50 JavaThread "Thread-3"                   daemon [_thread_in_native, id=14168, stack(0x0000006a46900000,0x0000006a46a00000) (1024K)]
  0x00000217f4a56e00 JavaThread "Thread-4"                   daemon [_thread_in_native, id=6708, stack(0x0000006a46a00000,0x0000006a46b00000) (1024K)]
  0x00000217f4a5afa0 JavaThread "Thread-5"                   daemon [_thread_in_native, id=13480, stack(0x0000006a46b00000,0x0000006a46c00000) (1024K)]
  0x00000217f4a5a910 JavaThread "pool-2-thread-1"                   [_thread_blocked, id=7524, stack(0x0000006a46c00000,0x0000006a46d00000) (1024K)]
  0x00000217f4a57490 JavaThread "WorkspaceEventsHandler"            [_thread_blocked, id=456, stack(0x0000006a46d00000,0x0000006a46e00000) (1024K)]
  0x00000217f4a54d30 JavaThread "pool-1-thread-1"                   [_thread_blocked, id=7760, stack(0x0000006a46e00000,0x0000006a46f00000) (1024K)]
  0x00000217f4a59bf0 JavaThread "Cleaner-0"                  daemon [_thread_blocked, id=14948, stack(0x0000006a46100000,0x0000006a46200000) (1024K)]
  0x00000217f4a581b0 JavaThread "Java Debug Server"          daemon [_thread_in_native, id=8444, stack(0x0000006a47200000,0x0000006a47300000) (1024K)]
  0x00000217fa30c610 JavaThread "RxSchedulerPurge-1"         daemon [_thread_blocked, id=236, stack(0x0000006a47400000,0x0000006a47500000) (1024K)]
  0x00000217fa309820 JavaThread "RxCachedWorkerPoolEvictor-1" daemon [_thread_blocked, id=11572, stack(0x0000006a47500000,0x0000006a47600000) (1024K)]
  0x00000217fa30abd0 JavaThread "Worker-9"                          [_thread_blocked, id=9264, stack(0x0000006a45e00000,0x0000006a45f00000) (1024K)]
  0x00000217fb60cfa0 JavaThread "ForkJoinPool.commonPool-worker-10" daemon [_thread_blocked, id=13120, stack(0x0000006a44300000,0x0000006a44400000) (1024K)]
  0x00000217fb60bbf0 JavaThread "ForkJoinPool.commonPool-worker-11" daemon [_thread_blocked, id=13272, stack(0x0000006a44400000,0x0000006a44500000) (1024K)]
  0x00000217fa309eb0 JavaThread "Worker-14"                         [_thread_blocked, id=6864, stack(0x0000006a46300000,0x0000006a46400000) (1024K)]
  0x00000217fa30a540 JavaThread "Compiler Source File Reader" daemon [_thread_blocked, id=10668, stack(0x0000006a46500000,0x0000006a46600000) (1024K)]
  0x00000217f4a59560 JavaThread "Compiler Source File Reader" daemon [_thread_blocked, id=2424, stack(0x0000006a46f00000,0x0000006a47000000) (1024K)]
Total: 38

Other Threads:
  0x00000217dd16dec0 VMThread "VM Thread"                           [id=5244, stack(0x0000006a44800000,0x0000006a44900000) (1024K)]
  0x00000217dd364170 WatcherThread "VM Periodic Task Thread"        [id=3960, stack(0x0000006a44700000,0x0000006a44800000) (1024K)]
  0x00000217dd2bc2e0 WorkerThread "GC Thread#0"                     [id=12824, stack(0x0000006a44600000,0x0000006a44700000) (1024K)]
  0x00000217f4af6c00 WorkerThread "GC Thread#1"                     [id=10188, stack(0x0000006a45300000,0x0000006a45400000) (1024K)]
  0x00000217f4af6fa0 WorkerThread "GC Thread#2"                     [id=11556, stack(0x0000006a45400000,0x0000006a45500000) (1024K)]
  0x00000217f905c600 WorkerThread "GC Thread#3"                     [id=11684, stack(0x0000006a45500000,0x0000006a45600000) (1024K)]
Total: 6

Threads with active compile tasks:
Total: 0

VM state: not at safepoint (normal execution)

VM Mutex/Monitor currently owned by a thread: None

Heap address: 0x0000000080000000, size: 2048 MB, Compressed Oops mode: 32-bit

CDS archive(s) mapped at: [0x0000021780000000-0x0000021780ba0000-0x0000021780ba0000), size 12189696, SharedBaseAddress: 0x0000021780000000, ArchiveRelocationMode: 1.
Compressed class space mapped at: 0x0000021781000000-0x00000217c1000000, reserved size: 1073741824
Narrow klass base: 0x0000021780000000, Narrow klass shift: 0, Narrow klass range: 0x100000000

GC Precious Log:
 CardTable entry size: 512
 CPUs: 4 total, 4 available
 Memory: 3962M
 Large Page Support: Disabled
 NUMA Support: Disabled
 Compressed Oops: Enabled (32-bit)
 Alignments: Space 512K, Generation 512K, Heap 2M
 Heap Min Capacity: 100M
 Heap Initial Capacity: 100M
 Heap Max Capacity: 2G
 Pre-touch: Disabled
 Parallel Workers: 4

Heap:
 PSYoungGen      total 6144K, used 2256K [0x00000000d5580000, 0x00000000d5d00000, 0x0000000100000000)
  eden space 5632K, 37% used [0x00000000d5580000,0x00000000d578c390,0x00000000d5b00000)
  from space 512K, 31% used [0x00000000d5c80000,0x00000000d5ca8000,0x00000000d5d00000)
  to   space 512K, 0% used [0x00000000d5c00000,0x00000000d5c00000,0x00000000d5c80000)
 ParOldGen       total 1026048K, used 1025654K [0x0000000080000000, 0x00000000bea00000, 0x00000000d5580000)
  object space 1026048K, 99% used [0x0000000080000000,0x00000000be99d860,0x00000000bea00000)
 Metaspace       used 85684K, committed 87360K, reserved 1179648K
  class space    used 8542K, committed 9344K, reserved 1048576K

Card table byte_map: [0x00000217dcc50000,0x00000217dd060000] _byte_map_base: 0x00000217dc850000

Marking Bits: (ParMarkBitMap*) 0x00007ffbdc8a2460
 Begin Bits: [0x00000217ef760000, 0x00000217f1760000)
 End Bits:   [0x00000217f1760000, 0x00000217f3760000)

Polling page: 0x00000217db040000

Metaspace:

Usage:
  Non-class:     75.33 MB used.
      Class:      8.34 MB used.
       Both:     83.68 MB used.

Virtual space:
  Non-class space:      128.00 MB reserved,      76.19 MB ( 60%) committed,  2 nodes.
      Class space:        1.00 GB reserved,       9.12 MB ( <1%) committed,  1 nodes.
             Both:        1.12 GB reserved,      85.31 MB (  7%) committed. 

Chunk freelists:
   Non-Class:  3.69 MB
       Class:  6.94 MB
        Both:  10.62 MB

MaxMetaspaceSize: unlimited
CompressedClassSpaceSize: 1.00 GB
Initial GC threshold: 21.00 MB
Current GC threshold: 132.31 MB
CDS: on
 - commit_granule_bytes: 65536.
 - commit_granule_words: 8192.
 - virtual_space_node_default_size: 8388608.
 - enlarge_chunks_in_place: 1.
 - use_allocation_guard: 0.


Internal statistics:

num_allocs_failed_limit: 9.
num_arena_births: 1728.
num_arena_deaths: 14.
num_vsnodes_births: 3.
num_vsnodes_deaths: 0.
num_space_committed: 1365.
num_space_uncommitted: 0.
num_chunks_returned_to_freelist: 23.
num_chunks_taken_from_freelist: 6169.
num_chunk_merges: 15.
num_chunk_splits: 3668.
num_chunks_enlarged: 1942.
num_inconsistent_stats: 0.

CodeHeap 'non-profiled nmethods': size=120000Kb used=28030Kb max_used=28030Kb free=91969Kb
 bounds [0x00000217e7f80000, 0x00000217e9ae0000, 0x00000217ef4b0000]
CodeHeap 'profiled nmethods': size=120000Kb used=51202Kb max_used=51202Kb free=68797Kb
 bounds [0x00000217e04b0000, 0x00000217e36c0000, 0x00000217e79e0000]
CodeHeap 'non-nmethods': size=5760Kb used=1495Kb max_used=1603Kb free=4264Kb
 bounds [0x00000217e79e0000, 0x00000217e7c50000, 0x00000217e7f80000]
CodeCache: size=245760Kb, used=80727Kb, max_used=80835Kb, free=165030Kb
 total_blobs=20668, nmethods=19853, adapters=716, full_count=0
Compilation: enabled, stopped_count=0, restarted_count=0

Compilation events (20 events):
Event: 7772.650 Thread 0x00000217dd206990 24442       1       org.eclipse.jdt.launching.AbstractVMInstall::getInstallLocation (5 bytes)
Event: 7772.652 Thread 0x00000217dd206990 nmethod 24442 0x00000217e9adf590 code [0x00000217e9adf720, 0x00000217e9adf7e8]
Event: 7772.652 Thread 0x00000217dd206990 24443       1       org.eclipse.jdt.internal.launching.RuntimeClasspathEntry::getType (5 bytes)
Event: 7772.652 Thread 0x00000217dd206990 nmethod 24443 0x00000217e9adf890 code [0x00000217e9adfa20, 0x00000217e9adfae8]
Event: 7772.800 Thread 0x00000217dd206990 24444       3       com.google.gson.Gson::fromJson (10 bytes)
Event: 7772.806 Thread 0x00000217dd206990 nmethod 24444 0x00000217e36afa10 code [0x00000217e36afc00, 0x00000217e36aff98]
Event: 7772.806 Thread 0x00000217dd206990 24445       3       com.google.gson.Gson::fromJson (20 bytes)
Event: 7772.807 Thread 0x00000217dd206990 nmethod 24445 0x00000217e36b0110 code [0x00000217e36b02e0, 0x00000217e36b0540]
Event: 7772.809 Thread 0x00000217dd206990 24446       3       com.google.gson.internal.bind.TypeAdapters$3::read (6 bytes)
Event: 7772.812 Thread 0x00000217dd206990 nmethod 24446 0x00000217e36b0610 code [0x00000217e36b07c0, 0x00000217e36b0918]
Event: 7772.833 Thread 0x00000217dd206990 24447       3       java.lang.invoke.VarHandleReferences$Array::runtimeTypeCheck (26 bytes)
Event: 7772.836 Thread 0x00000217dd206990 nmethod 24447 0x00000217e36b0a10 code [0x00000217e36b0c60, 0x00000217e36b1430]
Event: 7772.867 Thread 0x00000217dd206990 24448       3       java.security.AccessControlContext::combine (205 bytes)
Event: 7772.868 Thread 0x00000217dd206990 nmethod 24448 0x00000217e36b1810 code [0x00000217e36b1a40, 0x00000217e36b24e8]
Event: 7780.081 Thread 0x00000217dd206990 24449       3       java.lang.ProcessHandleImpl::descendants (237 bytes)
Event: 7780.110 Thread 0x00000217dd206990 nmethod 24449 0x00000217e36b2810 code [0x00000217e36b2b00, 0x00000217e36b3d40]
Event: 7807.467 Thread 0x00000217dd206990 24450       3       com.google.gson.internal.LinkedTreeMap$EntrySet::iterator (9 bytes)
Event: 7807.472 Thread 0x00000217dd206990 nmethod 24450 0x00000217e36b4510 code [0x00000217e36b46c0, 0x00000217e36b48e8]
Event: 7807.508 Thread 0x00000217dd206990 24451       3       java.util.concurrent.ThreadLocalRandom::nextSecondarySeed (74 bytes)
Event: 7807.509 Thread 0x00000217dd206990 nmethod 24451 0x00000217e36b4a10 code [0x00000217e36b4be0, 0x00000217e36b4e10]

GC Heap History (20 events):
Event: 7763.724 GC heap before
{Heap before GC invocations=2618 (full 5):
 PSYoungGen      total 3584K, used 3487K [0x00000000d5580000, 0x00000000d5c00000, 0x0000000100000000)
  eden space 3072K, 99% used [0x00000000d5580000,0x00000000d587ffd8,0x00000000d5880000)
  from space 512K, 81% used [0x00000000d5b80000,0x00000000d5be8000,0x00000000d5c00000)
  to   space 1024K, 0% used [0x00000000d5a00000,0x00000000d5a00000,0x00000000d5b00000)
 ParOldGen       total 1021952K, used 1021658K [0x0000000080000000, 0x00000000be600000, 0x00000000d5580000)
  object space 1021952K, 99% used [0x0000000080000000,0x00000000be5b68e0,0x00000000be600000)
 Metaspace       used 85668K, committed 87360K, reserved 1179648K
  class space    used 8542K, committed 9344K, reserved 1048576K
}
Event: 7763.752 GC heap after
{Heap after GC invocations=2618 (full 5):
 PSYoungGen      total 5120K, used 352K [0x00000000d5580000, 0x00000000d5c00000, 0x0000000100000000)
  eden space 4096K, 0% used [0x00000000d5580000,0x00000000d5580000,0x00000000d5980000)
  from space 1024K, 34% used [0x00000000d5a00000,0x00000000d5a58000,0x00000000d5b00000)
  to   space 512K, 0% used [0x00000000d5b80000,0x00000000d5b80000,0x00000000d5c00000)
 ParOldGen       total 1022464K, used 1022024K [0x0000000080000000, 0x00000000be680000, 0x00000000d5580000)
  object space 1022464K, 99% used [0x0000000080000000,0x00000000be612320,0x00000000be680000)
 Metaspace       used 85668K, committed 87360K, reserved 1179648K
  class space    used 8542K, committed 9344K, reserved 1048576K
}
Event: 7763.920 GC heap before
{Heap before GC invocations=2619 (full 5):
 PSYoungGen      total 5120K, used 4448K [0x00000000d5580000, 0x00000000d5c00000, 0x0000000100000000)
  eden space 4096K, 100% used [0x00000000d5580000,0x00000000d5980000,0x00000000d5980000)
  from space 1024K, 34% used [0x00000000d5a00000,0x00000000d5a58000,0x00000000d5b00000)
  to   space 512K, 0% used [0x00000000d5b80000,0x00000000d5b80000,0x00000000d5c00000)
 ParOldGen       total 1022464K, used 1022024K [0x0000000080000000, 0x00000000be680000, 0x00000000d5580000)
  object space 1022464K, 99% used [0x0000000080000000,0x00000000be612320,0x00000000be680000)
 Metaspace       used 85669K, committed 87360K, reserved 1179648K
  class space    used 8542K, committed 9344K, reserved 1048576K
}
Event: 7763.929 GC heap after
{Heap after GC invocations=2619 (full 5):
 PSYoungGen      total 5632K, used 480K [0x00000000d5580000, 0x00000000d5c00000, 0x0000000100000000)
  eden space 5120K, 0% used [0x00000000d5580000,0x00000000d5580000,0x00000000d5a80000)
  from space 512K, 93% used [0x00000000d5b80000,0x00000000d5bf8000,0x00000000d5c00000)
  to   space 512K, 0% used [0x00000000d5b00000,0x00000000d5b00000,0x00000000d5b80000)
 ParOldGen       total 1022464K, used 1022168K [0x0000000080000000, 0x00000000be680000, 0x00000000d5580000)
  object space 1022464K, 99% used [0x0000000080000000,0x00000000be636320,0x00000000be680000)
 Metaspace       used 85669K, committed 87360K, reserved 1179648K
  class space    used 8542K, committed 9344K, reserved 1048576K
}
Event: 7763.951 GC heap before
{Heap before GC invocations=2620 (full 5):
 PSYoungGen      total 5632K, used 5600K [0x00000000d5580000, 0x00000000d5c00000, 0x0000000100000000)
  eden space 5120K, 100% used [0x00000000d5580000,0x00000000d5a80000,0x00000000d5a80000)
  from space 512K, 93% used [0x00000000d5b80000,0x00000000d5bf8000,0x00000000d5c00000)
  to   space 512K, 0% used [0x00000000d5b00000,0x00000000d5b00000,0x00000000d5b80000)
 ParOldGen       total 1022464K, used 1022168K [0x0000000080000000, 0x00000000be680000, 0x00000000d5580000)
  object space 1022464K, 99% used [0x0000000080000000,0x00000000be636320,0x00000000be680000)
 Metaspace       used 85670K, committed 87360K, reserved 1179648K
  class space    used 8542K, committed 9344K, reserved 1048576K
}
Event: 7763.958 GC heap after
{Heap after GC invocations=2620 (full 5):
 PSYoungGen      total 6144K, used 128K [0x00000000d5580000, 0x00000000d5c80000, 0x0000000100000000)
  eden space 5632K, 0% used [0x00000000d5580000,0x00000000d5580000,0x00000000d5b00000)
  from space 512K, 25% used [0x00000000d5b00000,0x00000000d5b20000,0x00000000d5b80000)
  to   space 512K, 0% used [0x00000000d5c00000,0x00000000d5c00000,0x00000000d5c80000)
 ParOldGen       total 1022976K, used 1022520K [0x0000000080000000, 0x00000000be700000, 0x00000000d5580000)
  object space 1022976K, 99% used [0x0000000080000000,0x00000000be68e340,0x00000000be700000)
 Metaspace       used 85670K, committed 87360K, reserved 1179648K
  class space    used 8542K, committed 9344K, reserved 1048576K
}
Event: 7764.553 GC heap before
{Heap before GC invocations=2621 (full 5):
 PSYoungGen      total 6144K, used 5760K [0x00000000d5580000, 0x00000000d5c80000, 0x0000000100000000)
  eden space 5632K, 100% used [0x00000000d5580000,0x00000000d5b00000,0x00000000d5b00000)
  from space 512K, 25% used [0x00000000d5b00000,0x00000000d5b20000,0x00000000d5b80000)
  to   space 512K, 0% used [0x00000000d5c00000,0x00000000d5c00000,0x00000000d5c80000)
 ParOldGen       total 1022976K, used 1022520K [0x0000000080000000, 0x00000000be700000, 0x00000000d5580000)
  object space 1022976K, 99% used [0x0000000080000000,0x00000000be68e340,0x00000000be700000)
 Metaspace       used 85674K, committed 87360K, reserved 1179648K
  class space    used 8542K, committed 9344K, reserved 1048576K
}
Event: 7764.578 GC heap after
{Heap after GC invocations=2621 (full 5):
 PSYoungGen      total 6144K, used 512K [0x00000000d5580000, 0x00000000d5e80000, 0x0000000100000000)
  eden space 5632K, 0% used [0x00000000d5580000,0x00000000d5580000,0x00000000d5b00000)
  from space 512K, 100% used [0x00000000d5c00000,0x00000000d5c80000,0x00000000d5c80000)
  to   space 1024K, 0% used [0x00000000d5b00000,0x00000000d5b00000,0x00000000d5c00000)
 ParOldGen       total 1022976K, used 1022608K [0x0000000080000000, 0x00000000be700000, 0x00000000d5580000)
  object space 1022976K, 99% used [0x0000000080000000,0x00000000be6a4340,0x00000000be700000)
 Metaspace       used 85674K, committed 87360K, reserved 1179648K
  class space    used 8542K, committed 9344K, reserved 1048576K
}
Event: 7764.844 GC heap before
{Heap before GC invocations=2622 (full 5):
 PSYoungGen      total 6144K, used 6144K [0x00000000d5580000, 0x00000000d5e80000, 0x0000000100000000)
  eden space 5632K, 100% used [0x00000000d5580000,0x00000000d5b00000,0x00000000d5b00000)
  from space 512K, 100% used [0x00000000d5c00000,0x00000000d5c80000,0x00000000d5c80000)
  to   space 1024K, 0% used [0x00000000d5b00000,0x00000000d5b00000,0x00000000d5c00000)
 ParOldGen       total 1022976K, used 1022608K [0x0000000080000000, 0x00000000be700000, 0x00000000d5580000)
  object space 1022976K, 99% used [0x0000000080000000,0x00000000be6a4340,0x00000000be700000)
 Metaspace       used 85674K, committed 87360K, reserved 1179648K
  class space    used 8542K, committed 9344K, reserved 1048576K
}
Event: 7764.871 GC heap after
{Heap after GC invocations=2622 (full 5):
 PSYoungGen      total 6656K, used 1008K [0x00000000d5580000, 0x00000000d5f00000, 0x0000000100000000)
  eden space 5632K, 0% used [0x00000000d5580000,0x00000000d5580000,0x00000000d5b00000)
  from space 1024K, 98% used [0x00000000d5b00000,0x00000000d5bfc010,0x00000000d5c00000)
  to   space 2048K, 0% used [0x00000000d5d00000,0x00000000d5d00000,0x00000000d5f00000)
 ParOldGen       total 1023488K, used 1023061K [0x0000000080000000, 0x00000000be780000, 0x00000000d5580000)
  object space 1023488K, 99% used [0x0000000080000000,0x00000000be7157d0,0x00000000be780000)
 Metaspace       used 85674K, committed 87360K, reserved 1179648K
  class space    used 8542K, committed 9344K, reserved 1048576K
}
Event: 7769.647 GC heap before
{Heap before GC invocations=2623 (full 5):
 PSYoungGen      total 6656K, used 6640K [0x00000000d5580000, 0x00000000d5f00000, 0x0000000100000000)
  eden space 5632K, 100% used [0x00000000d5580000,0x00000000d5b00000,0x00000000d5b00000)
  from space 1024K, 98% used [0x00000000d5b00000,0x00000000d5bfc010,0x00000000d5c00000)
  to   space 2048K, 0% used [0x00000000d5d00000,0x00000000d5d00000,0x00000000d5f00000)
 ParOldGen       total 1023488K, used 1023061K [0x0000000080000000, 0x00000000be780000, 0x00000000d5580000)
  object space 1023488K, 99% used [0x0000000080000000,0x00000000be7157d0,0x00000000be780000)
 Metaspace       used 85674K, committed 87360K, reserved 1179648K
  class space    used 8542K, committed 9344K, reserved 1048576K
}
Event: 7769.653 GC heap after
{Heap after GC invocations=2623 (full 5):
 PSYoungGen      total 6656K, used 864K [0x00000000d5580000, 0x00000000d5e00000, 0x0000000100000000)
  eden space 5632K, 0% used [0x00000000d5580000,0x00000000d5580000,0x00000000d5b00000)
  from space 1024K, 84% used [0x00000000d5d00000,0x00000000d5dd8000,0x00000000d5e00000)
  to   space 1536K, 0% used [0x00000000d5b00000,0x00000000d5b00000,0x00000000d5c80000)
 ParOldGen       total 1024000K, used 1023619K [0x0000000080000000, 0x00000000be800000, 0x00000000d5580000)
  object space 1024000K, 99% used [0x0000000080000000,0x00000000be7a0c60,0x00000000be800000)
 Metaspace       used 85674K, committed 87360K, reserved 1179648K
  class space    used 8542K, committed 9344K, reserved 1048576K
}
Event: 7769.789 GC heap before
{Heap before GC invocations=2624 (full 5):
 PSYoungGen      total 6656K, used 6496K [0x00000000d5580000, 0x00000000d5e00000, 0x0000000100000000)
  eden space 5632K, 100% used [0x00000000d5580000,0x00000000d5b00000,0x00000000d5b00000)
  from space 1024K, 84% used [0x00000000d5d00000,0x00000000d5dd8000,0x00000000d5e00000)
  to   space 1536K, 0% used [0x00000000d5b00000,0x00000000d5b00000,0x00000000d5c80000)
 ParOldGen       total 1024000K, used 1023619K [0x0000000080000000, 0x00000000be800000, 0x00000000d5580000)
  object space 1024000K, 99% used [0x0000000080000000,0x00000000be7a0c60,0x00000000be800000)
 Metaspace       used 85674K, committed 87360K, reserved 1179648K
  class space    used 8542K, committed 9344K, reserved 1048576K
}
Event: 7769.801 GC heap after
{Heap after GC invocations=2624 (full 5):
 PSYoungGen      total 7168K, used 352K [0x00000000d5580000, 0x00000000d5d80000, 0x0000000100000000)
  eden space 5632K, 0% used [0x00000000d5580000,0x00000000d5580000,0x00000000d5b00000)
  from space 1536K, 22% used [0x00000000d5b00000,0x00000000d5b58000,0x00000000d5c80000)
  to   space 1024K, 0% used [0x00000000d5c80000,0x00000000d5c80000,0x00000000d5d80000)
 ParOldGen       total 1024512K, used 1024435K [0x0000000080000000, 0x00000000be880000, 0x00000000d5580000)
  object space 1024512K, 99% used [0x0000000080000000,0x00000000be86cd00,0x00000000be880000)
 Metaspace       used 85674K, committed 87360K, reserved 1179648K
  class space    used 8542K, committed 9344K, reserved 1048576K
}
Event: 7769.925 GC heap before
{Heap before GC invocations=2625 (full 5):
 PSYoungGen      total 7168K, used 5984K [0x00000000d5580000, 0x00000000d5d80000, 0x0000000100000000)
  eden space 5632K, 100% used [0x00000000d5580000,0x00000000d5b00000,0x00000000d5b00000)
  from space 1536K, 22% used [0x00000000d5b00000,0x00000000d5b58000,0x00000000d5c80000)
  to   space 1024K, 0% used [0x00000000d5c80000,0x00000000d5c80000,0x00000000d5d80000)
 ParOldGen       total 1024512K, used 1024435K [0x0000000080000000, 0x00000000be880000, 0x00000000d5580000)
  object space 1024512K, 99% used [0x0000000080000000,0x00000000be86cd00,0x00000000be880000)
 Metaspace       used 85675K, committed 87360K, reserved 1179648K
  class space    used 8542K, committed 9344K, reserved 1048576K
}
Event: 7769.931 GC heap after
{Heap after GC invocations=2625 (full 5):
 PSYoungGen      total 6656K, used 576K [0x00000000d5580000, 0x00000000d5d80000, 0x0000000100000000)
  eden space 5632K, 0% used [0x00000000d5580000,0x00000000d5580000,0x00000000d5b00000)
  from space 1024K, 56% used [0x00000000d5c80000,0x00000000d5d10000,0x00000000d5d80000)
  to   space 1024K, 0% used [0x00000000d5b80000,0x00000000d5b80000,0x00000000d5c80000)
 ParOldGen       total 1024512K, used 1024451K [0x0000000080000000, 0x00000000be880000, 0x00000000d5580000)
  object space 1024512K, 99% used [0x0000000080000000,0x00000000be870d00,0x00000000be880000)
 Metaspace       used 85675K, committed 87360K, reserved 1179648K
  class space    used 8542K, committed 9344K, reserved 1048576K
}
Event: 7770.283 GC heap before
{Heap before GC invocations=2626 (full 5):
 PSYoungGen      total 6656K, used 6208K [0x00000000d5580000, 0x00000000d5d80000, 0x0000000100000000)
  eden space 5632K, 100% used [0x00000000d5580000,0x00000000d5b00000,0x00000000d5b00000)
  from space 1024K, 56% used [0x00000000d5c80000,0x00000000d5d10000,0x00000000d5d80000)
  to   space 1024K, 0% used [0x00000000d5b80000,0x00000000d5b80000,0x00000000d5c80000)
 ParOldGen       total 1024512K, used 1024451K [0x0000000080000000, 0x00000000be880000, 0x00000000d5580000)
  object space 1024512K, 99% used [0x0000000080000000,0x00000000be870d00,0x00000000be880000)
 Metaspace       used 85677K, committed 87360K, reserved 1179648K
  class space    used 8542K, committed 9344K, reserved 1048576K
}
Event: 7770.297 GC heap after
{Heap after GC invocations=2626 (full 5):
 PSYoungGen      total 6656K, used 752K [0x00000000d5580000, 0x00000000d5d00000, 0x0000000100000000)
  eden space 5632K, 0% used [0x00000000d5580000,0x00000000d5580000,0x00000000d5b00000)
  from space 1024K, 73% used [0x00000000d5b80000,0x00000000d5c3c010,0x00000000d5c80000)
  to   space 512K, 0% used [0x00000000d5c80000,0x00000000d5c80000,0x00000000d5d00000)
 ParOldGen       total 1025024K, used 1024954K [0x0000000080000000, 0x00000000be900000, 0x00000000d5580000)
  object space 1025024K, 99% used [0x0000000080000000,0x00000000be8eeae0,0x00000000be900000)
 Metaspace       used 85677K, committed 87360K, reserved 1179648K
  class space    used 8542K, committed 9344K, reserved 1048576K
}
Event: 7772.276 GC heap before
{Heap before GC invocations=2627 (full 5):
 PSYoungGen      total 6656K, used 6384K [0x00000000d5580000, 0x00000000d5d00000, 0x0000000100000000)
  eden space 5632K, 100% used [0x00000000d5580000,0x00000000d5b00000,0x00000000d5b00000)
  from space 1024K, 73% used [0x00000000d5b80000,0x00000000d5c3c010,0x00000000d5c80000)
  to   space 512K, 0% used [0x00000000d5c80000,0x00000000d5c80000,0x00000000d5d00000)
 ParOldGen       total 1025024K, used 1024954K [0x0000000080000000, 0x00000000be900000, 0x00000000d5580000)
  object space 1025024K, 99% used [0x0000000080000000,0x00000000be8eeae0,0x00000000be900000)
 Metaspace       used 85677K, committed 87360K, reserved 1179648K
  class space    used 8542K, committed 9344K, reserved 1048576K
}
Event: 7772.295 GC heap after
{Heap after GC invocations=2627 (full 5):
 PSYoungGen      total 6144K, used 160K [0x00000000d5580000, 0x00000000d5d00000, 0x0000000100000000)
  eden space 5632K, 0% used [0x00000000d5580000,0x00000000d5580000,0x00000000d5b00000)
  from space 512K, 31% used [0x00000000d5c80000,0x00000000d5ca8000,0x00000000d5d00000)
  to   space 512K, 0% used [0x00000000d5c00000,0x00000000d5c00000,0x00000000d5c80000)
 ParOldGen       total 1026048K, used 1025654K [0x0000000080000000, 0x00000000bea00000, 0x00000000d5580000)
  object space 1026048K, 99% used [0x0000000080000000,0x00000000be99d860,0x00000000bea00000)
 Metaspace       used 85677K, committed 87360K, reserved 1179648K
  class space    used 8542K, committed 9344K, reserved 1048576K
}

Dll operation events (11 events):
Event: 0.019 Loaded shared library c:\Users\Usuario\.vscode\extensions\redhat.java-1.50.0-win32-x64\jre\21.0.9-win32-x86_64\bin\java.dll
Event: 0.264 Loaded shared library c:\Users\Usuario\.vscode\extensions\redhat.java-1.50.0-win32-x64\jre\21.0.9-win32-x86_64\bin\zip.dll
Event: 0.426 Loaded shared library C:\Users\Usuario\.vscode\extensions\redhat.java-1.50.0-win32-x64\jre\21.0.9-win32-x86_64\bin\instrument.dll
Event: 0.443 Loaded shared library C:\Users\Usuario\.vscode\extensions\redhat.java-1.50.0-win32-x64\jre\21.0.9-win32-x86_64\bin\net.dll
Event: 0.446 Loaded shared library C:\Users\Usuario\.vscode\extensions\redhat.java-1.50.0-win32-x64\jre\21.0.9-win32-x86_64\bin\nio.dll
Event: 0.467 Loaded shared library C:\Users\Usuario\.vscode\extensions\redhat.java-1.50.0-win32-x64\jre\21.0.9-win32-x86_64\bin\zip.dll
Event: 0.540 Loaded shared library C:\Users\Usuario\.vscode\extensions\redhat.java-1.50.0-win32-x64\jre\21.0.9-win32-x86_64\bin\jimage.dll
Event: 0.777 Loaded shared library c:\Users\Usuario\.vscode\extensions\redhat.java-1.50.0-win32-x64\jre\21.0.9-win32-x86_64\bin\verify.dll
Event: 4.681 Loaded shared library C:\Users\Usuario\AppData\Roaming\Code\User\globalStorage\redhat.java\1.50.0\config_win\org.eclipse.equinox.launcher\org.eclipse.equinox.launcher.win32.win32.x86_64_1.2.1400.v20250801-0854\eclipse_11916.dll
Event: 9.060 Loaded shared library C:\Users\Usuario\AppData\Local\Temp\jna-1531808526\jna15357023194399371153.dll
Event: 1544.149 Loaded shared library C:\Users\Usuario\.vscode\extensions\redhat.java-1.50.0-win32-x64\jre\21.0.9-win32-x86_64\bin\extnet.dll

Deoptimization events (20 events):
Event: 7764.002 Thread 0x00000217fa30b8f0 DEOPT PACKING pc=0x00000217e8664214 sp=0x0000006a466fec50
Event: 7764.002 Thread 0x00000217fa30b8f0 DEOPT UNPACKING pc=0x00000217e7a33aa2 sp=0x0000006a466feb40 mode 2
Event: 7764.038 Thread 0x00000217fa30b8f0 Uncommon trap: trap_request=0xffffff45 fr.pc=0x00000217e87387c4 relative=0x0000000000000564
Event: 7764.038 Thread 0x00000217fa30b8f0 Uncommon trap: reason=unstable_if action=reinterpret pc=0x00000217e87387c4 method=org.eclipse.jdt.internal.compiler.codegen.StackMapFrameCodeStream.init(Lorg/eclipse/jdt/internal/compiler/ClassFile;)V @ 28 c2
Event: 7764.039 Thread 0x00000217fa30b8f0 DEOPT PACKING pc=0x00000217e87387c4 sp=0x0000006a466fed40
Event: 7764.039 Thread 0x00000217fa30b8f0 DEOPT UNPACKING pc=0x00000217e7a33aa2 sp=0x0000006a466fecb8 mode 2
Event: 7764.046 Thread 0x00000217fa30abd0 DEOPT PACKING pc=0x00000217e2e0c99b sp=0x0000006a45efe460
Event: 7764.046 Thread 0x00000217fa30abd0 DEOPT UNPACKING pc=0x00000217e7a34242 sp=0x0000006a45efd8d8 mode 0
Event: 7764.553 Thread 0x00000217f4a5b630 Uncommon trap: trap_request=0xffffff66 fr.pc=0x00000217e8551c18 relative=0x0000000000000218
Event: 7764.553 Thread 0x00000217f4a5b630 Uncommon trap: reason=speculate_class_check action=maybe_recompile pc=0x00000217e8551c18 method=org.eclipse.jdt.internal.compiler.ast.Expression.resolveTypeExpecting(Lorg/eclipse/jdt/internal/compiler/lookup/BlockScope;Lorg/eclipse/jdt/internal/compiler/l
Event: 7764.553 Thread 0x00000217f4a5b630 DEOPT PACKING pc=0x00000217e8551c18 sp=0x0000006a464fe4f0
Event: 7764.553 Thread 0x00000217f4a5b630 DEOPT UNPACKING pc=0x00000217e7a33aa2 sp=0x0000006a464fe490 mode 2
Event: 7764.583 Thread 0x00000217f4a5b630 Uncommon trap: trap_request=0xffffff66 fr.pc=0x00000217e8551c18 relative=0x0000000000000218
Event: 7764.583 Thread 0x00000217f4a5b630 Uncommon trap: reason=speculate_class_check action=maybe_recompile pc=0x00000217e8551c18 method=org.eclipse.jdt.internal.compiler.ast.Expression.resolveTypeExpecting(Lorg/eclipse/jdt/internal/compiler/lookup/BlockScope;Lorg/eclipse/jdt/internal/compiler/l
Event: 7764.583 Thread 0x00000217f4a5b630 DEOPT PACKING pc=0x00000217e8551c18 sp=0x0000006a464fe4f0
Event: 7764.583 Thread 0x00000217f4a5b630 DEOPT UNPACKING pc=0x00000217e7a33aa2 sp=0x0000006a464fe490 mode 2
Event: 7772.780 Thread 0x00000217f4a546a0 Uncommon trap: trap_request=0xffffffc6 fr.pc=0x00000217e832245c relative=0x00000000000003dc
Event: 7772.781 Thread 0x00000217f4a546a0 Uncommon trap: reason=bimorphic_or_optimized_type_check action=maybe_recompile pc=0x00000217e832245c method=java.lang.ThreadLocal.set(Ljava/lang/Thread;Ljava/lang/Object;)V @ 22 c2
Event: 7772.781 Thread 0x00000217f4a546a0 DEOPT PACKING pc=0x00000217e832245c sp=0x0000006a470fec60
Event: 7772.781 Thread 0x00000217f4a546a0 DEOPT UNPACKING pc=0x00000217e7a33aa2 sp=0x0000006a470feba8 mode 2

Classes loaded (20 events):
Event: 1545.782 Loading class java/util/TaskQueue
Event: 1545.782 Loading class java/util/TaskQueue done
Event: 1545.783 Loading class java/util/TimerThread
Event: 1545.783 Loading class java/util/TimerThread done
Event: 1545.784 Loading class java/util/Timer$ThreadReaper
Event: 1545.784 Loading class java/util/Timer$ThreadReaper done
Event: 1545.797 Loading class java/util/concurrent/CompletableFuture$UniWhenComplete
Event: 1545.802 Loading class java/util/concurrent/CompletableFuture$UniWhenComplete done
Event: 1545.804 Loading class java/util/concurrent/CompletableFuture$UniCompose
Event: 1545.805 Loading class java/util/concurrent/CompletableFuture$UniCompose done
Event: 1545.808 Loading class java/util/concurrent/CompletableFuture$UniRelay
Event: 1545.808 Loading class java/util/concurrent/CompletableFuture$UniRelay done
Event: 1546.351 Loading class java/util/concurrent/ScheduledThreadPoolExecutor$DelayedWorkQueue$Itr
Event: 1546.351 Loading class java/util/concurrent/ScheduledThreadPoolExecutor$DelayedWorkQueue$Itr done
Event: 1552.705 Loading class java/lang/ProcessHandleImpl$ExitCompletion
Event: 1552.708 Loading class java/lang/ProcessHandleImpl$ExitCompletion done
Event: 1552.709 Loading class java/lang/ProcessHandleImpl$1
Event: 1552.709 Loading class java/lang/ProcessHandleImpl$1 done
Event: 1552.714 Loading class java/util/concurrent/CompletableFuture$UniHandle
Event: 1552.720 Loading class java/util/concurrent/CompletableFuture$UniHandle done

Classes unloaded (7 events):
Event: 11.173 Thread 0x00000217dd16dec0 Unloading class 0x00000217811a5400 'java/lang/invoke/LambdaForm$MH+0x00000217811a5400'
Event: 11.173 Thread 0x00000217dd16dec0 Unloading class 0x00000217811a5000 'java/lang/invoke/LambdaForm$MH+0x00000217811a5000'
Event: 11.173 Thread 0x00000217dd16dec0 Unloading class 0x00000217811a4c00 'java/lang/invoke/LambdaForm$MH+0x00000217811a4c00'
Event: 11.173 Thread 0x00000217dd16dec0 Unloading class 0x00000217811a4800 'java/lang/invoke/LambdaForm$MH+0x00000217811a4800'
Event: 11.173 Thread 0x00000217dd16dec0 Unloading class 0x00000217811a4400 'java/lang/invoke/LambdaForm$BMH+0x00000217811a4400'
Event: 11.173 Thread 0x00000217dd16dec0 Unloading class 0x00000217811a4000 'java/lang/invoke/LambdaForm$DMH+0x00000217811a4000'
Event: 11.173 Thread 0x00000217dd16dec0 Unloading class 0x00000217811a2c00 'java/lang/invoke/LambdaForm$DMH+0x00000217811a2c00'

Classes redefined (0 events):
No events

Internal exceptions (20 events):
Event: 7743.073 Thread 0x00000217f4a54d30 Exception <a 'java/lang/ArrayIndexOutOfBoundsException'{0x00000000d5946810}> (0x00000000d5946810) 
thrown [s\src\hotspot\share\runtime\sharedRuntime.cpp, line 625]
Event: 7743.135 Thread 0x00000217f4a54d30 Exception <a 'java/lang/ArrayIndexOutOfBoundsException'{0x00000000d59e0630}> (0x00000000d59e0630) 
thrown [s\src\hotspot\share\runtime\sharedRuntime.cpp, line 625]
Event: 7744.289 Thread 0x00000217f4a54d30 Exception <a 'java/lang/ArrayIndexOutOfBoundsException'{0x00000000d56aeb68}> (0x00000000d56aeb68) 
thrown [s\src\hotspot\share\runtime\sharedRuntime.cpp, line 625]
Event: 7745.762 Thread 0x00000217fa46d810 Exception <a 'sun/nio/fs/WindowsException'{0x00000000d56c2d10}> (0x00000000d56c2d10) 
thrown [s\src\hotspot\share\prims\jni.cpp, line 520]
Event: 7746.228 Thread 0x00000217fa46d810 Exception <a 'sun/nio/fs/WindowsException'{0x00000000d5763560}> (0x00000000d5763560) 
thrown [s\src\hotspot\share\prims\jni.cpp, line 520]
Event: 7759.762 Thread 0x00000217fa46d810 Exception <a 'sun/nio/fs/WindowsException'{0x00000000d578bf00}> (0x00000000d578bf00) 
thrown [s\src\hotspot\share\prims\jni.cpp, line 520]
Event: 7760.321 Thread 0x00000217fa46d810 Exception <a 'sun/nio/fs/WindowsException'{0x00000000d5620e98}> (0x00000000d5620e98) 
thrown [s\src\hotspot\share\prims\jni.cpp, line 520]
Event: 7762.949 Thread 0x00000217f4a54d30 Exception <a 'java/lang/ArrayIndexOutOfBoundsException'{0x00000000d59c2408}> (0x00000000d59c2408) 
thrown [s\src\hotspot\share\runtime\sharedRuntime.cpp, line 625]
Event: 7762.949 Thread 0x00000217f4a54d30 Exception <a 'java/lang/ArrayIndexOutOfBoundsException'{0x00000000d59c2a30}> (0x00000000d59c2a30) 
thrown [s\src\hotspot\share\runtime\sharedRuntime.cpp, line 625]
Event: 7762.949 Thread 0x00000217f4a54d30 Exception <a 'java/lang/ArrayIndexOutOfBoundsException'{0x00000000d59c2da8}> (0x00000000d59c2da8) 
thrown [s\src\hotspot\share\runtime\sharedRuntime.cpp, line 625]
Event: 7763.264 Thread 0x00000217fa46d810 Exception <a 'sun/nio/fs/WindowsException'{0x00000000d569cc60}> (0x00000000d569cc60) 
thrown [s\src\hotspot\share\prims\jni.cpp, line 520]
Event: 7763.485 Thread 0x00000217fa46d810 Exception <a 'sun/nio/fs/WindowsException'{0x00000000d56a15c8}> (0x00000000d56a15c8) 
thrown [s\src\hotspot\share\prims\jni.cpp, line 520]
Event: 7772.620 Thread 0x00000217fa309190 Exception <a 'sun/nio/fs/WindowsException'{0x00000000d55f5e80}> (0x00000000d55f5e80) 
thrown [s\src\hotspot\share\prims\jni.cpp, line 520]
Event: 7772.634 Thread 0x00000217fa309190 Exception <a 'sun/nio/fs/WindowsException'{0x00000000d55f6460}> (0x00000000d55f6460) 
thrown [s\src\hotspot\share\prims\jni.cpp, line 520]
Event: 7772.639 Thread 0x00000217fa309190 Exception <a 'sun/nio/fs/WindowsException'{0x00000000d55f70b8}> (0x00000000d55f70b8) 
thrown [s\src\hotspot\share\prims\jni.cpp, line 520]
Event: 7772.639 Thread 0x00000217fa309190 Exception <a 'sun/nio/fs/WindowsException'{0x00000000d55f7928}> (0x00000000d55f7928) 
thrown [s\src\hotspot\share\prims\jni.cpp, line 520]
Event: 7772.649 Thread 0x00000217fa309190 Exception <a 'sun/nio/fs/WindowsException'{0x00000000d55f8ed8}> (0x00000000d55f8ed8) 
thrown [s\src\hotspot\share\prims\jni.cpp, line 520]
Event: 7772.649 Thread 0x00000217fa309190 Exception <a 'sun/nio/fs/WindowsException'{0x00000000d55f9498}> (0x00000000d55f9498) 
thrown [s\src\hotspot\share\prims\jni.cpp, line 520]
Event: 7772.650 Thread 0x00000217fa309190 Exception <a 'sun/nio/fs/WindowsException'{0x00000000d55fa0c8}> (0x00000000d55fa0c8) 
thrown [s\src\hotspot\share\prims\jni.cpp, line 520]
Event: 7772.650 Thread 0x00000217fa309190 Exception <a 'sun/nio/fs/WindowsException'{0x00000000d55fa688}> (0x00000000d55fa688) 
thrown [s\src\hotspot\share\prims\jni.cpp, line 520]

ZGC Phase Switch (0 events):
No events

VM Operations (20 events):
Event: 7764.844 Executing VM operation: ParallelGCFailedAllocation (Allocation Failure)
Event: 7764.871 Executing VM operation: ParallelGCFailedAllocation (Allocation Failure) done
Event: 7765.875 Executing VM operation: Cleanup
Event: 7765.875 Executing VM operation: Cleanup done
Event: 7769.647 Executing VM operation: ParallelGCFailedAllocation (Allocation Failure)
Event: 7769.653 Executing VM operation: ParallelGCFailedAllocation (Allocation Failure) done
Event: 7769.789 Executing VM operation: ParallelGCFailedAllocation (Allocation Failure)
Event: 7769.801 Executing VM operation: ParallelGCFailedAllocation (Allocation Failure) done
Event: 7769.912 Executing VM operation: ParallelGCFailedAllocation (Allocation Failure)
Event: 7769.931 Executing VM operation: ParallelGCFailedAllocation (Allocation Failure) done
Event: 7770.283 Executing VM operation: ParallelGCFailedAllocation (Allocation Failure)
Event: 7770.297 Executing VM operation: ParallelGCFailedAllocation (Allocation Failure) done
Event: 7772.276 Executing VM operation: ParallelGCFailedAllocation (Allocation Failure)
Event: 7772.295 Executing VM operation: ParallelGCFailedAllocation (Allocation Failure) done
Event: 7773.306 Executing VM operation: Cleanup
Event: 7773.307 Executing VM operation: Cleanup done
Event: 7813.801 Executing VM operation: HandshakeAllThreads (HandshakeForDeflation)
Event: 7813.801 Executing VM operation: HandshakeAllThreads (HandshakeForDeflation) done
Event: 7813.801 Executing VM operation: RendezvousGCThreads
Event: 7813.801 Executing VM operation: RendezvousGCThreads done

Memory protections (0 events):
No events

Nmethod flushes (20 events):
Event: 1172.444 Thread 0x00000217dd16dec0 flushing  nmethod 0x00000217e252d090
Event: 1172.444 Thread 0x00000217dd16dec0 flushing  nmethod 0x00000217e252f010
Event: 1172.444 Thread 0x00000217dd16dec0 flushing  nmethod 0x00000217e252f990
Event: 1172.444 Thread 0x00000217dd16dec0 flushing  nmethod 0x00000217e2530810
Event: 1172.444 Thread 0x00000217dd16dec0 flushing  nmethod 0x00000217e2532d90
Event: 1172.444 Thread 0x00000217dd16dec0 flushing  nmethod 0x00000217e2533510
Event: 1172.444 Thread 0x00000217dd16dec0 flushing  nmethod 0x00000217e254a710
Event: 1172.444 Thread 0x00000217dd16dec0 flushing  nmethod 0x00000217e254d290
Event: 1172.444 Thread 0x00000217dd16dec0 flushing  nmethod 0x00000217e254ee90
Event: 1172.444 Thread 0x00000217dd16dec0 flushing  nmethod 0x00000217e2567b90
Event: 1172.444 Thread 0x00000217dd16dec0 flushing  nmethod 0x00000217e2585790
Event: 1172.444 Thread 0x00000217dd16dec0 flushing  nmethod 0x00000217e2592d90
Event: 1172.444 Thread 0x00000217dd16dec0 flushing  nmethod 0x00000217e2610a90
Event: 1172.444 Thread 0x00000217dd16dec0 flushing  nmethod 0x00000217e2619990
Event: 1172.444 Thread 0x00000217dd16dec0 flushing  nmethod 0x00000217e261b710
Event: 1172.444 Thread 0x00000217dd16dec0 flushing  nmethod 0x00000217e2626690
Event: 1172.444 Thread 0x00000217dd16dec0 flushing  nmethod 0x00000217e2646390
Event: 1172.444 Thread 0x00000217dd16dec0 flushing  nmethod 0x00000217e2694e90
Event: 1172.444 Thread 0x00000217dd16dec0 flushing  nmethod 0x00000217e273af10
Event: 1172.444 Thread 0x00000217dd16dec0 flushing  nmethod 0x00000217e273b410

Events (20 events):
Event: 7725.834 Thread 0x00000217f4a54d30 Thread added: 0x00000217fa309190
Event: 7744.479 Thread 0x00000217f4a54d30 Thread added: 0x00000217fa30b260
Event: 7744.805 Thread 0x00000217fa30abd0 Thread added: 0x00000217fa309eb0
Event: 7746.766 Thread 0x00000217f4a5b630 Thread added: 0x00000217fa30a540
Event: 7747.130 Thread 0x00000217f4a5b630 Thread added: 0x00000217fa30b8f0
Event: 7759.967 Thread 0x00000217fa30abd0 Thread added: 0x00000217f4a59560
Event: 7772.753 Thread 0x00000217f4a581b0 Thread added: 0x00000217f4a546a0
Event: 7772.794 Thread 0x00000217f4a546a0 Thread added: 0x00000217f4a58840
Event: 7772.868 Thread 0x00000217f4a58840 Thread added: 0x00000217f4a58ed0
Event: 7779.369 Thread 0x00000217f4a546a0 Thread added: 0x00000217f4a553c0
Event: 7779.390 Thread 0x00000217f4a58ed0 Thread exited: 0x00000217f4a58ed0
Event: 7781.747 Thread 0x00000217f4a553c0 Thread added: 0x00000217f4a58ed0
Event: 7781.768 Thread 0x00000217f4a553c0 Thread exited: 0x00000217f4a553c0
Event: 7804.535 Thread 0x00000217fa30b260 Thread exited: 0x00000217fa30b260
Event: 7807.497 Thread 0x00000217f4a58840 Thread exited: 0x00000217f4a58840
Event: 7824.055 Thread 0x00000217fa30b8f0 Thread exited: 0x00000217fa30b8f0
Event: 7830.382 Thread 0x00000217f4a5b630 Thread exited: 0x00000217f4a5b630
Event: 7837.514 Thread 0x00000217f4a546a0 Thread exited: 0x00000217f4a546a0
Event: 7867.464 Thread 0x00000217f4a58ed0 Thread exited: 0x00000217f4a58ed0
Event: 7867.626 Thread 0x00000217fa309190 Thread exited: 0x00000217fa309190


Dynamic libraries:
0x00007ff6e0740000 - 0x00007ff6e074e000 	c:\Users\Usuario\.vscode\extensions\redhat.java-1.50.0-win32-x64\jre\21.0.9-win32-x86_64\bin\java.exe
0x00007ffc2c890000 - 0x00007ffc2ca88000 	C:\Windows\SYSTEM32\ntdll.dll
0x00007ffc2b7d0000 - 0x00007ffc2b892000 	C:\Windows\System32\KERNEL32.DLL
0x00007ffc2a350000 - 0x00007ffc2a646000 	C:\Windows\System32\KERNELBASE.dll
0x00007ffc2a130000 - 0x00007ffc2a230000 	C:\Windows\System32\ucrtbase.dll
0x00007ffc21970000 - 0x00007ffc21988000 	c:\Users\Usuario\.vscode\extensions\redhat.java-1.50.0-win32-x64\jre\21.0.9-win32-x86_64\bin\jli.dll
0x00007ffc2c6a0000 - 0x00007ffc2c841000 	C:\Windows\System32\USER32.dll
0x00007ffc29fb0000 - 0x00007ffc29fd2000 	C:\Windows\System32\win32u.dll
0x00007ffc2af60000 - 0x00007ffc2af8b000 	C:\Windows\System32\GDI32.dll
0x00007ffc2a230000 - 0x00007ffc2a349000 	C:\Windows\System32\gdi32full.dll
0x00007ffc2a090000 - 0x00007ffc2a12d000 	C:\Windows\System32\msvcp_win.dll
0x00007ffc20d30000 - 0x00007ffc20d4e000 	c:\Users\Usuario\.vscode\extensions\redhat.java-1.50.0-win32-x64\jre\21.0.9-win32-x86_64\bin\VCRUNTIME140.dll
0x00007ffc1db10000 - 0x00007ffc1ddab000 	C:\Windows\WinSxS\amd64_microsoft.windows.common-controls_6595b64144ccf1df_6.0.19041.6456_none_60b8a6cb71f64256\COMCTL32.dll
0x00007ffc2aec0000 - 0x00007ffc2af5e000 	C:\Windows\System32\msvcrt.dll
0x00007ffc2c670000 - 0x00007ffc2c69f000 	C:\Windows\System32\IMM32.DLL
0x00007ffc25eb0000 - 0x00007ffc25ebc000 	c:\Users\Usuario\.vscode\extensions\redhat.java-1.50.0-win32-x64\jre\21.0.9-win32-x86_64\bin\vcruntime140_1.dll
0x00007ffbfa050000 - 0x00007ffbfa0dd000 	c:\Users\Usuario\.vscode\extensions\redhat.java-1.50.0-win32-x64\jre\21.0.9-win32-x86_64\bin\msvcp140.dll
0x00007ffbdbbe0000 - 0x00007ffbdc980000 	c:\Users\Usuario\.vscode\extensions\redhat.java-1.50.0-win32-x64\jre\21.0.9-win32-x86_64\bin\server\jvm.dll
0x00007ffc2c4b0000 - 0x00007ffc2c561000 	C:\Windows\System32\ADVAPI32.dll
0x00007ffc2c570000 - 0x00007ffc2c60f000 	C:\Windows\System32\sechost.dll
0x00007ffc2b6b0000 - 0x00007ffc2b7d0000 	C:\Windows\System32\RPCRT4.dll
0x00007ffc29fe0000 - 0x00007ffc2a007000 	C:\Windows\System32\bcrypt.dll
0x00007ffc2ad20000 - 0x00007ffc2ad8b000 	C:\Windows\System32\WS2_32.dll
0x00007ffc29d80000 - 0x00007ffc29dcb000 	C:\Windows\SYSTEM32\POWRPROF.dll
0x00007ffc1bbe0000 - 0x00007ffc1bc07000 	C:\Windows\SYSTEM32\WINMM.dll
0x00007ffc245a0000 - 0x00007ffc245aa000 	C:\Windows\SYSTEM32\VERSION.dll
0x00007ffc29d60000 - 0x00007ffc29d72000 	C:\Windows\SYSTEM32\UMPDC.dll
0x00007ffc28720000 - 0x00007ffc28732000 	C:\Windows\SYSTEM32\kernel.appcore.dll
0x00007ffc24ab0000 - 0x00007ffc24aba000 	c:\Users\Usuario\.vscode\extensions\redhat.java-1.50.0-win32-x64\jre\21.0.9-win32-x86_64\bin\jimage.dll
0x00007ffc27c50000 - 0x00007ffc27e51000 	C:\Windows\SYSTEM32\DBGHELP.DLL
0x00007ffc04a30000 - 0x00007ffc04a64000 	C:\Windows\SYSTEM32\dbgcore.DLL
0x00007ffc29f20000 - 0x00007ffc29fa2000 	C:\Windows\System32\bcryptPrimitives.dll
0x00007ffc249d0000 - 0x00007ffc249df000 	c:\Users\Usuario\.vscode\extensions\redhat.java-1.50.0-win32-x64\jre\21.0.9-win32-x86_64\bin\instrument.dll
0x00007ffc20180000 - 0x00007ffc201a0000 	c:\Users\Usuario\.vscode\extensions\redhat.java-1.50.0-win32-x64\jre\21.0.9-win32-x86_64\bin\java.dll
0x00007ffc2bc20000 - 0x00007ffc2c390000 	C:\Windows\System32\SHELL32.dll
0x00007ffc27f70000 - 0x00007ffc28715000 	C:\Windows\SYSTEM32\windows.storage.dll
0x00007ffc2afb0000 - 0x00007ffc2b304000 	C:\Windows\System32\combase.dll
0x00007ffc29870000 - 0x00007ffc2989b000 	C:\Windows\SYSTEM32\Wldp.dll
0x00007ffc2b3c0000 - 0x00007ffc2b48d000 	C:\Windows\System32\OLEAUT32.dll
0x00007ffc2b310000 - 0x00007ffc2b3bd000 	C:\Windows\System32\SHCORE.dll
0x00007ffc2bbc0000 - 0x00007ffc2bc1b000 	C:\Windows\System32\shlwapi.dll
0x00007ffc29e50000 - 0x00007ffc29e74000 	C:\Windows\SYSTEM32\profapi.dll
0x00007ffc1fdc0000 - 0x00007ffc1fdd8000 	c:\Users\Usuario\.vscode\extensions\redhat.java-1.50.0-win32-x64\jre\21.0.9-win32-x86_64\bin\zip.dll
0x00007ffc24a00000 - 0x00007ffc24a10000 	C:\Users\Usuario\.vscode\extensions\redhat.java-1.50.0-win32-x64\jre\21.0.9-win32-x86_64\bin\net.dll
0x00007ffc211a0000 - 0x00007ffc212aa000 	C:\Windows\SYSTEM32\WINHTTP.dll
0x00007ffc295d0000 - 0x00007ffc2963a000 	C:\Windows\system32\mswsock.dll
0x00007ffc249e0000 - 0x00007ffc249f6000 	C:\Users\Usuario\.vscode\extensions\redhat.java-1.50.0-win32-x64\jre\21.0.9-win32-x86_64\bin\nio.dll
0x00007ffc23510000 - 0x00007ffc23520000 	c:\Users\Usuario\.vscode\extensions\redhat.java-1.50.0-win32-x64\jre\21.0.9-win32-x86_64\bin\verify.dll
0x00007ffbfda90000 - 0x00007ffbfdad4000 	C:\Users\Usuario\AppData\Roaming\Code\User\globalStorage\redhat.java\1.50.0\config_win\org.eclipse.equinox.launcher\org.eclipse.equinox.launcher.win32.win32.x86_64_1.2.1400.v20250801-0854\eclipse_11916.dll
0x00007ffc2ad90000 - 0x00007ffc2aebb000 	C:\Windows\System32\ole32.dll
0x00007ffc297d0000 - 0x00007ffc297e8000 	C:\Windows\SYSTEM32\CRYPTSP.dll
0x00007ffc28ef0000 - 0x00007ffc28f28000 	C:\Windows\system32\rsaenh.dll
0x00007ffc29e10000 - 0x00007ffc29e3e000 	C:\Windows\SYSTEM32\USERENV.dll
0x00007ffc297c0000 - 0x00007ffc297cc000 	C:\Windows\SYSTEM32\CRYPTBASE.dll
0x00007ffc292b0000 - 0x00007ffc292eb000 	C:\Windows\SYSTEM32\IPHLPAPI.DLL
0x00007ffc2af90000 - 0x00007ffc2af98000 	C:\Windows\System32\NSI.dll
0x00007ffbfad60000 - 0x00007ffbfada9000 	C:\Users\Usuario\AppData\Local\Temp\jna-1531808526\jna15357023194399371153.dll
0x00007ffc2afa0000 - 0x00007ffc2afa8000 	C:\Windows\System32\PSAPI.DLL
0x00007ffc21f90000 - 0x00007ffc21fa7000 	C:\Windows\SYSTEM32\dhcpcsvc6.DLL
0x00007ffc22400000 - 0x00007ffc2241d000 	C:\Windows\SYSTEM32\dhcpcsvc.DLL
0x00007ffc258b0000 - 0x00007ffc258b9000 	C:\Users\Usuario\.vscode\extensions\redhat.java-1.50.0-win32-x64\jre\21.0.9-win32-x86_64\bin\extnet.dll

JVMTI agents:
c:\Users\Usuario\.vscode\extensions\redhat.java-1.50.0-win32-x64\lombok\lombok-1.18.39-4050.jar path:c:\Users\Usuario\.vscode\extensions\redhat.java-1.50.0-win32-x64\jre\21.0.9-win32-x86_64\bin\instrument.dll, loaded, initialized, instrumentlib options:none

dbghelp: loaded successfully - version: 4.0.5 - missing functions: none
symbol engine: initialized successfully - sym options: 0x614 - pdb path: .;c:\Users\Usuario\.vscode\extensions\redhat.java-1.50.0-win32-x64\jre\21.0.9-win32-x86_64\bin;C:\Windows\SYSTEM32;C:\Windows\WinSxS\amd64_microsoft.windows.common-controls_6595b64144ccf1df_6.0.19041.6456_none_60b8a6cb71f64256;c:\Users\Usuario\.vscode\extensions\redhat.java-1.50.0-win32-x64\jre\21.0.9-win32-x86_64\bin\server;C:\Users\Usuario\AppData\Roaming\Code\User\globalStorage\redhat.java\1.50.0\config_win\org.eclipse.equinox.launcher\org.eclipse.equinox.launcher.win32.win32.x86_64_1.2.1400.v20250801-0854;C:\Users\Usuario\AppData\Local\Temp\jna-1531808526

VM Arguments:
jvm_args: --add-modules=ALL-SYSTEM --add-opens=java.base/java.util=ALL-UNNAMED --add-opens=java.base/java.lang=ALL-UNNAMED --add-opens=java.base/sun.nio.fs=ALL-UNNAMED -Declipse.application=org.eclipse.jdt.ls.core.id1 -Dosgi.bundles.defaultStartLevel=4 -Declipse.product=org.eclipse.jdt.ls.core.product -Djava.import.generatesMetadataFilesAtProjectRoot=false -DDetectVMInstallationsJob.disabled=true -Dfile.encoding=utf8 -XX:+UseParallelGC -XX:GCTimeRatio=4 -XX:AdaptiveSizePolicyWeight=90 -Dsun.zip.disableMemoryMapping=true -Xmx2G -Xms100m -Xlog:disable -javaagent:c:\Users\Usuario\.vscode\extensions\redhat.java-1.50.0-win32-x64\lombok\lombok-1.18.39-4050.jar -XX:+HeapDumpOnOutOfMemoryError -XX:HeapDumpPath=c:\Users\Usuario\AppData\Roaming\Code\User\workspaceStorage\0dee7a614940a8c73090cffd4aacb42c\redhat.java -Daether.dependencyCollector.impl=bf 
java_command: c:\Users\Usuario\.vscode\extensions\redhat.java-1.50.0-win32-x64\server\plugins\org.eclipse.equinox.launcher_1.7.100.v20251111-0406.jar -configuration c:\Users\Usuario\AppData\Roaming\Code\User\globalStorage\redhat.java\1.50.0\config_win -data c:\Users\Usuario\AppData\Roaming\Code\User\workspaceStorage\0dee7a614940a8c73090cffd4aacb42c\redhat.java\jdt_ws --pipe=\\.\pipe\lsp-55ac51b1fc734d2625f2c686c77c7239-sock
java_class_path (initial): c:\Users\Usuario\.vscode\extensions\redhat.java-1.50.0-win32-x64\server\plugins\org.eclipse.equinox.launcher_1.7.100.v20251111-0406.jar
Launcher Type: SUN_STANDARD

[Global flags]
    uintx AdaptiveSizePolicyWeight                 = 90                                        {product} {command line}
     intx CICompilerCount                          = 3                                         {product} {ergonomic}
    uintx GCTimeRatio                              = 4                                         {product} {command line}
     bool HeapDumpOnOutOfMemoryError               = true                                   {manageable} {command line}
    ccstr HeapDumpPath                             = c:\Users\Usuario\AppData\Roaming\Code\User\workspaceStorage\0dee7a614940a8c73090cffd4aacb42c\redhat.java         {manageable} {command line}
   size_t InitialHeapSize                          = 104857600                                 {product} {command line}
   size_t MaxHeapSize                              = 2147483648                                {product} {command line}
   size_t MaxNewSize                               = 715653120                                 {product} {ergonomic}
   size_t MinHeapDeltaBytes                        = 524288                                    {product} {ergonomic}
   size_t MinHeapSize                              = 104857600                                 {product} {command line}
   size_t NewSize                                  = 34603008                                  {product} {ergonomic}
    uintx NonNMethodCodeHeapSize                   = 5832780                                {pd product} {ergonomic}
    uintx NonProfiledCodeHeapSize                  = 122912730                              {pd product} {ergonomic}
   size_t OldSize                                  = 70254592                                  {product} {ergonomic}
    uintx ProfiledCodeHeapSize                     = 122912730                              {pd product} {ergonomic}
    uintx ReservedCodeCacheSize                    = 251658240                              {pd product} {ergonomic}
     bool SegmentedCodeCache                       = true                                      {product} {ergonomic}
   size_t SoftMaxHeapSize                          = 2147483648                             {manageable} {ergonomic}
     bool UseCompressedOops                        = true                           {product lp64_product} {ergonomic}
     bool UseLargePagesIndividualAllocation        = false                                  {pd product} {ergonomic}
     bool UseParallelGC                            = true                                      {product} {command line}

Logging:
Log output configuration:
 #0: stdout all=off uptime,level,tags foldmultilines=false
 #1: stderr all=off uptime,level,tags foldmultilines=false

Release file:
JAVA_VERSION="21.0.9" 
MODULES="java.base java.compiler java.datatransfer java.xml java.prefs java.desktop java.instrument java.logging java.management java.security.sasl java.naming java.rmi java.management.rmi java.net.http java.scripting java.security.jgss java.transaction.xa java.sql java.sql.rowset java.xml.crypto java.se java.smartcardio jdk.accessibility jdk.internal.jvmstat jdk.attach jdk.charsets jdk.internal.opt jdk.zipfs jdk.compiler jdk.crypto.ec jdk.crypto.cryptoki jdk.crypto.mscapi jdk.dynalink jdk.internal.ed jdk.editpad jdk.hotspot.agent jdk.httpserver jdk.internal.le jdk.internal.vm.ci jdk.internal.vm.compiler jdk.internal.vm.compiler.management jdk.jartool jdk.javadoc jdk.jcmd jdk.management jdk.management.agent jdk.jconsole jdk.jdeps jdk.jdwp.agent jdk.jdi jdk.jfr jdk.jshell jdk.jsobject jdk.jstatd jdk.localedata jdk.management.jfr jdk.naming.dns jdk.naming.rmi jdk.net jdk.nio.mapmode jdk.random jdk.sctp jdk.security.auth jdk.security.jgss jdk.unsupported jdk.unsupported.desktop jdk.xml.dom" 

Environment Variables:
JAVA_HOME=C:\Users\Public\jdk-24.0.1
PATH=C:\ProgramData\Oracle\Java\javapath;C:\Windows\system32;C:\Windows;C:\Windows\System32\Wbem;C:\Windows\System32\WindowsPowerShell\v1.0\;C:\Windows\System32\OpenSSH\;C:\Program Files\dotnet\;C:\Program Files\nodejs\;C:\Users\Public\jdk-24.0.1\bin;C:\Program Files\Git\cmd;C:\Users\Usuario\AppData\Local\Microsoft\WindowsApps;;C:\Users\Usuario\Desktop\PROGRAMAO ;)\PyCharm Community Edition 2023.1.1\bin;;C:\Users\Usuario\AppData\Local\Programs\Microsoft VS Code\bin;C:\Users\Usuario\AppData\Roaming\npm
USERNAME=Usuario
OS=Windows_NT
PROCESSOR_IDENTIFIER=Intel64 Family 6 Model 142 Stepping 9, GenuineIntel
TMP=C:\Users\Usuario\AppData\Local\Temp
TEMP=C:\Users\Usuario\AppData\Local\Temp




Periodic native trim disabled

---------------  S Y S T E M  ---------------

OS:
 Windows 10 , 64 bit Build 19041 (10.0.19041.5915)
OS uptime: 2 days 20:01 hours

CPU: total 4 (initial active 4) (2 cores per cpu, 2 threads per core) family 6 model 142 stepping 9 microcode 0xb4, cx8, cmov, fxsr, ht, mmx, 3dnowpref, sse, sse2, sse3, ssse3, sse4.1, sse4.2, popcnt, lzcnt, tsc, tscinvbit, avx, avx2, aes, erms, clmul, bmi1, bmi2, adx, fma, vzeroupper, clflush, clflushopt, rdtscp, f16c
Processor Information for the first 4 processors :
  Max Mhz: 2300, Current Mhz: 2300, Mhz Limit: 2300

Memory: 4k page, system-wide physical 3962M (310M free)
TotalPageFile size 12154M (AvailPageFile size 1M)
current process WorkingSet (physical memory assigned to process): 14M, peak: 808M
current process commit charge ("private bytes"): 1372M, peak: 1379M

vm_info: OpenJDK 64-Bit Server VM (21.0.9+10-LTS) for windows-amd64 JRE (21.0.9+10-LTS), built on 2025-10-21T00:00:00Z by "admin" with unknown MS VC++:1942

END.
